
C:\Projetos\LEAN-PREV\prod-v1.0.0\Implementation\src\cls\User.INART-20566.cls.xml
C:\Projetos\LEAN-PREV\prod-v1.0.0\Implementation\src\cls\VAR.CSP.VARCadastroProfissional-1155.cls.xml
C:\Projetos\LEAN-PREV\prod-v1.0.0\Implementation\src\cls\VAR.CSP.VARCriarRelBancoProfissional-51252.cls.xml
C:\Projetos\LEAN-PREV\prod-v1.0.0\Implementation\src\cls\VAR.CSP.VARManual-39546.cls.xml
C:\Projetos\LEAN-PREV\prod-v1.0.0\Implementation\src\cls\VAR.CSP.VARVisualizarRelBancoProfissional-39468.cls.xml
C:\Projetos\LEAN-PREV\prod-v1.0.0\Implementation\src\cls\VAR.infra.agendaEmail.agendaEmailRunner-25156.cls.xml
C:\Projetos\LEAN-PREV\prod-v1.0.0\Implementation\src\inc\INConst-15307.inc.xml
C:\Projetos\LEAN-PREV\prod-v1.0.0\Implementation\web\csp\VARCadastroProfissional.csp
C:\Projetos\LEAN-PREV\prod-v1.0.0\Implementation\web\csp\VARManual.csp
C:\Projetos\LEAN-PREV\prod-v1.0.0\Implementation\globals\nm\appParameters\BERECHTIGUNG-57405.parameters
C:\Projetos\LEAN-PREV\prod-v1.0.0\Implementation\globals\nm\classes\INART-28070.nmclass
C:\Projetos\LEAN-PREV\prod-v1.0.0\Implementation\globals\nm\forms\FATAcordoComercial-39861.form
C:\Projetos\LEAN-PREV\prod-v1.0.0\Implementation\globals\nm\forms\FATLote-49112.form
C:\Projetos\LEAN-PREV\prod-v1.0.0\Implementation\globals\nm\forms\FATModeloLote-2379.form
C:\Projetos\LEAN-PREV\prod-v1.0.0\Implementation\globals\nm\forms\FATModeloNotaFiscal-14502.form
C:\Projetos\LEAN-PREV\prod-v1.0.0\Implementation\globals\nm\forms\FATOrganizacao-16860.form
C:\Projetos\LEAN-PREV\prod-v1.0.0\Implementation\globals\nm\forms\FATPreLote-11789.form
C:\Projetos\LEAN-PREV\prod-v1.0.0\Implementation\globals\nm\forms\FATRecebePreLote-36719.form
C:\Projetos\LEAN-PREV\prod-v1.0.0\Implementation\globals\nm\forms\FATRegraComercial-53799.form
C:\Projetos\LEAN-PREV\prod-v1.0.0\Implementation\globals\nm\forms\FATTabelaComercial-47631.form
C:\Projetos\LEAN-PREV\prod-v1.0.0\Implementation\globals\nm\forms\FATTributos-41286.form
C:\Projetos\LEAN-PREV\prod-v1.0.0\Implementation\globals\nm\forms\INADJATT-29676.form
C:\Projetos\LEAN-PREV\prod-v1.0.0\Implementation\globals\nm\forms\INART-28070.form
C:\Projetos\LEAN-PREV\prod-v1.0.0\Implementation\globals\nm\forms\INARTK-19885.form
C:\Projetos\LEAN-PREV\prod-v1.0.0\Implementation\globals\nm\forms\INARTLOCPAR-62794.form
C:\Projetos\LEAN-PREV\prod-v1.0.0\Implementation\globals\nm\forms\INBrand-2248.form
C:\Projetos\LEAN-PREV\prod-v1.0.0\Implementation\globals\nm\forms\INDispenseToPatient-23153.form
C:\Projetos\LEAN-PREV\prod-v1.0.0\Implementation\globals\nm\forms\INERECH-36394.form
C:\Projetos\LEAN-PREV\prod-v1.0.0\Implementation\globals\nm\forms\INIssue-7.form
C:\Projetos\LEAN-PREV\prod-v1.0.0\Implementation\globals\nm\forms\INIssueLoc-53021.form
C:\Projetos\LEAN-PREV\prod-v1.0.0\Implementation\globals\nm\forms\INIssueRev-42682.form
C:\Projetos\LEAN-PREV\prod-v1.0.0\Implementation\globals\nm\forms\INItemGroup-40384.form
C:\Projetos\LEAN-PREV\prod-v1.0.0\Implementation\globals\nm\forms\INLIEF-29458.form
C:\Projetos\LEAN-PREV\prod-v1.0.0\Implementation\globals\nm\forms\INLP-46914.form
C:\Projetos\LEAN-PREV\prod-v1.0.0\Implementation\globals\nm\forms\INMO-61186.form
C:\Projetos\LEAN-PREV\prod-v1.0.0\Implementation\globals\nm\forms\INMOIssue-16029.form
C:\Projetos\LEAN-PREV\prod-v1.0.0\Implementation\globals\nm\forms\INMOREC-16447.form
C:\Projetos\LEAN-PREV\prod-v1.0.0\Implementation\globals\nm\forms\INMOV-65518.form
C:\Projetos\LEAN-PREV\prod-v1.0.0\Implementation\globals\nm\forms\INPARTN-16156.form
C:\Projetos\LEAN-PREV\prod-v1.0.0\Implementation\globals\nm\forms\INREC-22040.form
C:\Projetos\LEAN-PREV\prod-v1.0.0\Implementation\globals\nm\forms\INRECReverse-124.form
C:\Projetos\LEAN-PREV\prod-v1.0.0\Implementation\globals\nm\forms\INRECReverseLine-22323.form
C:\Projetos\LEAN-PREV\prod-v1.0.0\Implementation\globals\nm\forms\INRECSummary-44793.form
C:\Projetos\LEAN-PREV\prod-v1.0.0\Implementation\globals\nm\forms\INRECTFR-59981.form
C:\Projetos\LEAN-PREV\prod-v1.0.0\Implementation\globals\nm\forms\INRECTFRSearch-39104.form
C:\Projetos\LEAN-PREV\prod-v1.0.0\Implementation\globals\nm\forms\INRMA-22430.form
C:\Projetos\LEAN-PREV\prod-v1.0.0\Implementation\globals\nm\forms\INReceipt-8331.form
C:\Projetos\LEAN-PREV\prod-v1.0.0\Implementation\globals\nm\forms\INReq-17280.form
C:\Projetos\LEAN-PREV\prod-v1.0.0\Implementation\globals\nm\forms\INReqIssue-28868.form
C:\Projetos\LEAN-PREV\prod-v1.0.0\Implementation\globals\nm\forms\INReqIssueAsReq-16263.form
C:\Projetos\LEAN-PREV\prod-v1.0.0\Implementation\globals\nm\forms\INReqLine-54258.form
C:\Projetos\LEAN-PREV\prod-v1.0.0\Implementation\globals\nm\forms\INReqSource-43472.form
C:\Projetos\LEAN-PREV\prod-v1.0.0\Implementation\globals\nm\forms\INReturnToSupplier-53720.form
C:\Projetos\LEAN-PREV\prod-v1.0.0\Implementation\globals\nm\forms\INStockValCCAdj-49410.form
C:\Projetos\LEAN-PREV\prod-v1.0.0\Implementation\globals\nm\forms\INTFR-43832.form
C:\Projetos\LEAN-PREV\prod-v1.0.0\Implementation\globals\nm\forms\INTFRRev-39669.form
C:\Projetos\LEAN-PREV\prod-v1.0.0\Implementation\globals\nm\forms\INVORG-23099.form
C:\Projetos\LEAN-PREV\prod-v1.0.0\Implementation\globals\nm\forms\INWEINVD-44771.form
C:\Projetos\LEAN-PREV\prod-v1.0.0\Implementation\globals\nm\forms\INWEINVK-43683.form
C:\Projetos\LEAN-PREV\prod-v1.0.0\Implementation\globals\nm\forms\INWEINVP-41443.form
C:\Projetos\LEAN-PREV\prod-v1.0.0\Implementation\globals\nm\forms\MAPPA-5060.form
C:\Projetos\LEAN-PREV\prod-v1.0.0\Implementation\globals\nm\forms\MEDAdmission-55302.form
C:\Projetos\LEAN-PREV\prod-v1.0.0\Implementation\globals\nm\forms\MEDDispense-44371.form
C:\Projetos\LEAN-PREV\prod-v1.0.0\Implementation\globals\nm\forms\MEDDispenseLine-25258.form
C:\Projetos\LEAN-PREV\prod-v1.0.0\Implementation\globals\nm\forms\MEDPatient-50513.form
C:\Projetos\LEAN-PREV\prod-v1.0.0\Implementation\globals\nm\forms\MEDPatientNovo-47169.form
C:\Projetos\LEAN-PREV\prod-v1.0.0\Implementation\globals\nm\forms\MEDPrescription-59649.form
C:\Projetos\LEAN-PREV\prod-v1.0.0\Implementation\globals\nm\forms\MEDPrescriptionDispense-1429.form
C:\Projetos\LEAN-PREV\prod-v1.0.0\Implementation\globals\nm\forms\MEDPrescriptionHosp-25043.form
C:\Projetos\LEAN-PREV\prod-v1.0.0\Implementation\globals\nm\forms\MEDPrescriptionHospLine-40259.form
C:\Projetos\LEAN-PREV\prod-v1.0.0\Implementation\globals\nm\forms\MEDPrescriptionSol-40131.form
C:\Projetos\LEAN-PREV\prod-v1.0.0\Implementation\globals\nm\forms\MEDProvider-13087.form
C:\Projetos\LEAN-PREV\prod-v1.0.0\Implementation\globals\nm\forms\VARAgendaMedica-54445.form
C:\Projetos\LEAN-PREV\prod-v1.0.0\Implementation\globals\nm\forms\VARAgendaProcedimento-38189.form
C:\Projetos\LEAN-PREV\prod-v1.0.0\Implementation\globals\nm\forms\VARAlertaLocal-3321.form
C:\Projetos\LEAN-PREV\prod-v1.0.0\Implementation\globals\nm\forms\VARAlphaAnalytics-51990.form
C:\Projetos\LEAN-PREV\prod-v1.0.0\Implementation\globals\nm\forms\VARAta-32150.form
C:\Projetos\LEAN-PREV\prod-v1.0.0\Implementation\globals\nm\forms\VARAtendimentoPrescricoes-19833.form
C:\Projetos\LEAN-PREV\prod-v1.0.0\Implementation\globals\nm\forms\VARAutorizacaoProdutoTabelaMultiplus-19207.form
C:\Projetos\LEAN-PREV\prod-v1.0.0\Implementation\globals\nm\forms\VARBRDiretorios-18665.form
C:\Projetos\LEAN-PREV\prod-v1.0.0\Implementation\globals\nm\forms\VARBRModulo-50663.form
C:\Projetos\LEAN-PREV\prod-v1.0.0\Implementation\globals\nm\forms\VARBRTipoArqUpload-29925.form
C:\Projetos\LEAN-PREV\prod-v1.0.0\Implementation\globals\nm\forms\VARCadAdmissao-16695.form
C:\Projetos\LEAN-PREV\prod-v1.0.0\Implementation\globals\nm\forms\VARCadAgendamento-60454.form
C:\Projetos\LEAN-PREV\prod-v1.0.0\Implementation\globals\nm\forms\VARCadGrupoAgendamento-5273.form
C:\Projetos\LEAN-PREV\prod-v1.0.0\Implementation\globals\nm\forms\VARCadHorarioFuncionamento-46554.form
C:\Projetos\LEAN-PREV\prod-v1.0.0\Implementation\globals\nm\forms\VARCadOrcamento-36341.form
C:\Projetos\LEAN-PREV\prod-v1.0.0\Implementation\globals\nm\forms\VARCadProcedimento-60529.form
C:\Projetos\LEAN-PREV\prod-v1.0.0\Implementation\globals\nm\forms\VARCadProfissional-23447.form
C:\Projetos\LEAN-PREV\prod-v1.0.0\Implementation\globals\nm\forms\VARCadastraPerfil-41585.form
C:\Projetos\LEAN-PREV\prod-v1.0.0\Implementation\globals\nm\forms\VARCadastroSalas-4941.form
C:\Projetos\LEAN-PREV\prod-v1.0.0\Implementation\globals\nm\forms\VARCargadeDados-38571.form
C:\Projetos\LEAN-PREV\prod-v1.0.0\Implementation\globals\nm\forms\VARCentroCusto-58026.form
C:\Projetos\LEAN-PREV\prod-v1.0.0\Implementation\globals\nm\forms\VARCompareQrCodes-15164.form
C:\Projetos\LEAN-PREV\prod-v1.0.0\Implementation\globals\nm\forms\VARCompra-24387.form
C:\Projetos\LEAN-PREV\prod-v1.0.0\Implementation\globals\nm\forms\VARCompraEntregaPrevisao-14933.form
C:\Projetos\LEAN-PREV\prod-v1.0.0\Implementation\globals\nm\forms\VARConfigImpEtiqueta-10996.form
C:\Projetos\LEAN-PREV\prod-v1.0.0\Implementation\globals\nm\forms\VARConfiguracaoAgendamento-22639.form
C:\Projetos\LEAN-PREV\prod-v1.0.0\Implementation\globals\nm\forms\VARConsultaGerencialProduto-24627.form
C:\Projetos\LEAN-PREV\prod-v1.0.0\Implementation\globals\nm\forms\VARContabilTransferencia-58696.form
C:\Projetos\LEAN-PREV\prod-v1.0.0\Implementation\globals\nm\forms\VARContrato-55271.form
C:\Projetos\LEAN-PREV\prod-v1.0.0\Implementation\globals\nm\forms\VARContratoAditivo-41005.form
C:\Projetos\LEAN-PREV\prod-v1.0.0\Implementation\globals\nm\forms\VARContratoAlerta-58020.form
C:\Projetos\LEAN-PREV\prod-v1.0.0\Implementation\globals\nm\forms\VARContratoExecutorCad-51926.form
C:\Projetos\LEAN-PREV\prod-v1.0.0\Implementation\globals\nm\forms\VARContratoParametros-56013.form
C:\Projetos\LEAN-PREV\prod-v1.0.0\Implementation\globals\nm\forms\VARContratoReport-9516.form
C:\Projetos\LEAN-PREV\prod-v1.0.0\Implementation\globals\nm\forms\VARContratoSelecao-48888.form
C:\Projetos\LEAN-PREV\prod-v1.0.0\Implementation\globals\nm\forms\VARContratoSelecao2-22334.form
C:\Projetos\LEAN-PREV\prod-v1.0.0\Implementation\globals\nm\forms\VARContratoUsuario-32727.form
C:\Projetos\LEAN-PREV\prod-v1.0.0\Implementation\globals\nm\forms\VARDashboardFracionamento-64468.form
C:\Projetos\LEAN-PREV\prod-v1.0.0\Implementation\globals\nm\forms\VARDespesasMedicamento-22940.form
C:\Projetos\LEAN-PREV\prod-v1.0.0\Implementation\globals\nm\forms\VAREmail-24695.form
C:\Projetos\LEAN-PREV\prod-v1.0.0\Implementation\globals\nm\forms\VAREntradaNotaFiscal-58673.form
C:\Projetos\LEAN-PREV\prod-v1.0.0\Implementation\globals\nm\forms\VAREnvInfo-25746.form
C:\Projetos\LEAN-PREV\prod-v1.0.0\Implementation\globals\nm\forms\VAREstoqueConsEndereco-57245.form
C:\Projetos\LEAN-PREV\prod-v1.0.0\Implementation\globals\nm\forms\VAREstoquePosicao-64106.form
C:\Projetos\LEAN-PREV\prod-v1.0.0\Implementation\globals\nm\forms\VARExames-37163.form
C:\Projetos\LEAN-PREV\prod-v1.0.0\Implementation\globals\nm\forms\VARExpiryAlert-13755.form
C:\Projetos\LEAN-PREV\prod-v1.0.0\Implementation\globals\nm\forms\VARFornecedorOcorrencia-17353.form
C:\Projetos\LEAN-PREV\prod-v1.0.0\Implementation\globals\nm\forms\VARFreqMedPresc-9941.form
C:\Projetos\LEAN-PREV\prod-v1.0.0\Implementation\globals\nm\forms\VARFrequenciaDistribuicaoDoencas-43288.form
C:\Projetos\LEAN-PREV\prod-v1.0.0\Implementation\globals\nm\forms\VARHistDispProd-15342.form
C:\Projetos\LEAN-PREV\prod-v1.0.0\Implementation\globals\nm\forms\VARHistoricoCompra-50515.form
C:\Projetos\LEAN-PREV\prod-v1.0.0\Implementation\globals\nm\forms\VARHistoricoConsumo-37941.form
C:\Projetos\LEAN-PREV\prod-v1.0.0\Implementation\globals\nm\forms\VARHistoricoEstorno-43966.form
C:\Projetos\LEAN-PREV\prod-v1.0.0\Implementation\globals\nm\forms\VARHistoricoRecebimento-62176.form
C:\Projetos\LEAN-PREV\prod-v1.0.0\Implementation\globals\nm\forms\VARHonorario-7236.form
C:\Projetos\LEAN-PREV\prod-v1.0.0\Implementation\globals\nm\forms\VARINADJ-42481.form
C:\Projetos\LEAN-PREV\prod-v1.0.0\Implementation\globals\nm\forms\VARImportarArquivo-55208.form
C:\Projetos\LEAN-PREV\prod-v1.0.0\Implementation\globals\nm\forms\VARListaTrabalhoFarmacotecnica-63194.form
C:\Projetos\LEAN-PREV\prod-v1.0.0\Implementation\globals\nm\forms\VARLivroRegInventario-15088.form
C:\Projetos\LEAN-PREV\prod-v1.0.0\Implementation\globals\nm\forms\VARManualExame-57245.form
C:\Projetos\LEAN-PREV\prod-v1.0.0\Implementation\globals\nm\forms\VARMapaMovMensal-61370.form
C:\Projetos\LEAN-PREV\prod-v1.0.0\Implementation\globals\nm\forms\VARMedicamentoRejeitado-4920.form
C:\Projetos\LEAN-PREV\prod-v1.0.0\Implementation\globals\nm\forms\VARMedicamentosNaoPadronizados-54680.form
C:\Projetos\LEAN-PREV\prod-v1.0.0\Implementation\globals\nm\forms\VARMensagem-36624.form
C:\Projetos\LEAN-PREV\prod-v1.0.0\Implementation\globals\nm\forms\VARMensagemPainel-60337.form
C:\Projetos\LEAN-PREV\prod-v1.0.0\Implementation\globals\nm\forms\VARNumMedPresc-26950.form
C:\Projetos\LEAN-PREV\prod-v1.0.0\Implementation\globals\nm\forms\VAROrdemUnitarizacao-22958.form
C:\Projetos\LEAN-PREV\prod-v1.0.0\Implementation\globals\nm\forms\VAROrdemUnitarizacaoEtapa-36248.form
C:\Projetos\LEAN-PREV\prod-v1.0.0\Implementation\globals\nm\forms\VARPainelAbastecimento-4270.form
C:\Projetos\LEAN-PREV\prod-v1.0.0\Implementation\globals\nm\forms\VARPainelGerencial-21569.form
C:\Projetos\LEAN-PREV\prod-v1.0.0\Implementation\globals\nm\forms\VARParametroCliente-43944.form
C:\Projetos\LEAN-PREV\prod-v1.0.0\Implementation\globals\nm\forms\VARPedidoCompra-16709.form
C:\Projetos\LEAN-PREV\prod-v1.0.0\Implementation\globals\nm\forms\VARPedidoCompraLinha-21594.form
C:\Projetos\LEAN-PREV\prod-v1.0.0\Implementation\globals\nm\forms\VARPerfilPaciente-57582.form
C:\Projetos\LEAN-PREV\prod-v1.0.0\Implementation\globals\nm\forms\VARPreAlertaLocal-24563.form
C:\Projetos\LEAN-PREV\prod-v1.0.0\Implementation\globals\nm\forms\VARPreAlertaRede-10909.form
C:\Projetos\LEAN-PREV\prod-v1.0.0\Implementation\globals\nm\forms\VARPreReqAprovacao-62505.form
C:\Projetos\LEAN-PREV\prod-v1.0.0\Implementation\globals\nm\forms\VARPrescricaoValidada-24548.form
C:\Projetos\LEAN-PREV\prod-v1.0.0\Implementation\globals\nm\forms\VARProcessoJudicial-22404.form
C:\Projetos\LEAN-PREV\prod-v1.0.0\Implementation\globals\nm\forms\VARProducaoFracionamento-37795.form
C:\Projetos\LEAN-PREV\prod-v1.0.0\Implementation\globals\nm\forms\VARProdutoEtq-5491.form
C:\Projetos\LEAN-PREV\prod-v1.0.0\Implementation\globals\nm\forms\VARProdutosPendenteCadastro-49781.form
C:\Projetos\LEAN-PREV\prod-v1.0.0\Implementation\globals\nm\forms\VARProntuarioEletronico-56904.form
C:\Projetos\LEAN-PREV\prod-v1.0.0\Implementation\globals\nm\forms\VARProntuarioEletronicoEnfermagem-48372.form
C:\Projetos\LEAN-PREV\prod-v1.0.0\Implementation\globals\nm\forms\VARRecebimentoHistorico-20768.form
C:\Projetos\LEAN-PREV\prod-v1.0.0\Implementation\globals\nm\forms\VARRelDistribuicao-45808.form
C:\Projetos\LEAN-PREV\prod-v1.0.0\Implementation\globals\nm\forms\VARRelatorioAntimicrobianoSCIH-884.form
C:\Projetos\LEAN-PREV\prod-v1.0.0\Implementation\globals\nm\forms\VARReposicao-26593.form
C:\Projetos\LEAN-PREV\prod-v1.0.0\Implementation\globals\nm\forms\VARReposicaoLocal-7030.form
C:\Projetos\LEAN-PREV\prod-v1.0.0\Implementation\globals\nm\forms\VARReposicaoLocalProduto-13555.form
C:\Projetos\LEAN-PREV\prod-v1.0.0\Implementation\globals\nm\forms\VARReposicaoProduto-286.form
C:\Projetos\LEAN-PREV\prod-v1.0.0\Implementation\globals\nm\forms\VARSESAlerta-41139.form
C:\Projetos\LEAN-PREV\prod-v1.0.0\Implementation\globals\nm\forms\VARSESCONSUMOPACIENTE-19841.form
C:\Projetos\LEAN-PREV\prod-v1.0.0\Implementation\globals\nm\forms\VARSESEntrada-59530.form
C:\Projetos\LEAN-PREV\prod-v1.0.0\Implementation\globals\nm\forms\VARSESEstornoDispensacaoMC-22577.form
C:\Projetos\LEAN-PREV\prod-v1.0.0\Implementation\globals\nm\forms\VARSESPatientConsumption-29287.form
C:\Projetos\LEAN-PREV\prod-v1.0.0\Implementation\globals\nm\forms\VARSESPatientConsumptionMC-46302.form
C:\Projetos\LEAN-PREV\prod-v1.0.0\Implementation\globals\nm\forms\VARSESSolicTransf-54819.form
C:\Projetos\LEAN-PREV\prod-v1.0.0\Implementation\globals\nm\forms\VARSESTreatmentMC-14375.form
C:\Projetos\LEAN-PREV\prod-v1.0.0\Implementation\globals\nm\forms\VARSaidaRequisicao-64535.form
C:\Projetos\LEAN-PREV\prod-v1.0.0\Implementation\globals\nm\forms\VARStock-24095.form
C:\Projetos\LEAN-PREV\prod-v1.0.0\Implementation\globals\nm\forms\VARStockHistory-59113.form
C:\Projetos\LEAN-PREV\prod-v1.0.0\Implementation\globals\nm\forms\VARTCIAndar-9241.form
C:\Projetos\LEAN-PREV\prod-v1.0.0\Implementation\globals\nm\forms\VARTCIApartamento-41655.form
C:\Projetos\LEAN-PREV\prod-v1.0.0\Implementation\globals\nm\forms\VARTCILicenseUsageLog-27468.form
C:\Projetos\LEAN-PREV\prod-v1.0.0\Implementation\globals\nm\forms\VARTCIModulo-20177.form
C:\Projetos\LEAN-PREV\prod-v1.0.0\Implementation\globals\nm\forms\VARTCIPredio-26732.form
C:\Projetos\LEAN-PREV\prod-v1.0.0\Implementation\globals\nm\forms\VARTCIRua-29817.form
C:\Projetos\LEAN-PREV\prod-v1.0.0\Implementation\globals\nm\forms\VARTCISystemInformation-18887.form
C:\Projetos\LEAN-PREV\prod-v1.0.0\Implementation\globals\nm\forms\VARTRKPAM-4658.form
C:\Projetos\LEAN-PREV\prod-v1.0.0\Implementation\globals\nm\forms\VARTelaInicial-53189.form
C:\Projetos\LEAN-PREV\prod-v1.0.0\Implementation\globals\nm\forms\VARVincularMedico-16177.form
C:\Projetos\LEAN-PREV\prod-v1.0.0\Implementation\globals\nm\forms\VARWWWPRO-16501.form
C:\Projetos\LEAN-PREV\prod-v1.0.0\Implementation\globals\nm\forms\VARWorkflowAtendimento-3786.form
C:\Projetos\LEAN-PREV\prod-v1.0.0\Implementation\globals\nm\forms\VARWorkflowAtendimentoImagens-32100.form
C:\Projetos\LEAN-PREV\prod-v1.0.0\Implementation\globals\nm\forms\WWW0042-62662.form
C:\Projetos\LEAN-PREV\prod-v1.0.0\Implementation\globals\nm\forms\WWW012-5628.form
C:\Projetos\LEAN-PREV\prod-v1.0.0\Implementation\globals\nm\forms\WWW0121C-44756.form
C:\Projetos\LEAN-PREV\prod-v1.0.0\Implementation\globals\nm\forms\WWW013-54589.form
C:\Projetos\LEAN-PREV\prod-v1.0.0\Implementation\globals\nm\forms\WWW0131B-44612.form
C:\Projetos\LEAN-PREV\prod-v1.0.0\Implementation\globals\nm\forms\WWWPWD-19798.form
C:\Projetos\LEAN-PREV\prod-v1.0.0\Implementation\globals\nm\menus\VARMega-29548.menu
C:\Projetos\LEAN-PREV\prod-v1.0.0\Implementation\globals\nm\classes\INART-28070.nmcustomclass
C:\Projetos\LEAN-PREV\prod-v1.0.0\Implementation\globals\nm\forms\FATAcordoComercial-39861.customform
C:\Projetos\LEAN-PREV\prod-v1.0.0\Implementation\globals\nm\forms\FATLote-49112.customform
C:\Projetos\LEAN-PREV\prod-v1.0.0\Implementation\globals\nm\forms\FATModeloLote-2379.customform
C:\Projetos\LEAN-PREV\prod-v1.0.0\Implementation\globals\nm\forms\FATModeloNotaFiscal-14502.customform
C:\Projetos\LEAN-PREV\prod-v1.0.0\Implementation\globals\nm\forms\FATOrganizacao-16860.customform
C:\Projetos\LEAN-PREV\prod-v1.0.0\Implementation\globals\nm\forms\FATPreLote-11789.customform
C:\Projetos\LEAN-PREV\prod-v1.0.0\Implementation\globals\nm\forms\FATRecebePreLote-36719.customform
C:\Projetos\LEAN-PREV\prod-v1.0.0\Implementation\globals\nm\forms\FATRegraComercial-53799.customform
C:\Projetos\LEAN-PREV\prod-v1.0.0\Implementation\globals\nm\forms\FATTabelaComercial-47631.customform
C:\Projetos\LEAN-PREV\prod-v1.0.0\Implementation\globals\nm\forms\FATTributos-41286.customform
C:\Projetos\LEAN-PREV\prod-v1.0.0\Implementation\globals\nm\forms\INADJATT-29676.customform
C:\Projetos\LEAN-PREV\prod-v1.0.0\Implementation\globals\nm\forms\INART-28070.customform
C:\Projetos\LEAN-PREV\prod-v1.0.0\Implementation\globals\nm\forms\INARTK-19885.customform
C:\Projetos\LEAN-PREV\prod-v1.0.0\Implementation\globals\nm\forms\INARTLOCPAR-62794.customform
C:\Projetos\LEAN-PREV\prod-v1.0.0\Implementation\globals\nm\forms\INBrand-2248.customform
C:\Projetos\LEAN-PREV\prod-v1.0.0\Implementation\globals\nm\forms\INDispenseToPatient-23153.customform
C:\Projetos\LEAN-PREV\prod-v1.0.0\Implementation\globals\nm\forms\INERECH-36394.customform
C:\Projetos\LEAN-PREV\prod-v1.0.0\Implementation\globals\nm\forms\INIssue-7.customform
C:\Projetos\LEAN-PREV\prod-v1.0.0\Implementation\globals\nm\forms\INIssueLoc-53021.customform
C:\Projetos\LEAN-PREV\prod-v1.0.0\Implementation\globals\nm\forms\INIssueRev-42682.customform
C:\Projetos\LEAN-PREV\prod-v1.0.0\Implementation\globals\nm\forms\INItemGroup-40384.customform
C:\Projetos\LEAN-PREV\prod-v1.0.0\Implementation\globals\nm\forms\INLIEF-29458.customform
C:\Projetos\LEAN-PREV\prod-v1.0.0\Implementation\globals\nm\forms\INLP-46914.customform
C:\Projetos\LEAN-PREV\prod-v1.0.0\Implementation\globals\nm\forms\INMO-61186.customform
C:\Projetos\LEAN-PREV\prod-v1.0.0\Implementation\globals\nm\forms\INMOIssue-16029.customform
C:\Projetos\LEAN-PREV\prod-v1.0.0\Implementation\globals\nm\forms\INMOREC-16447.customform
C:\Projetos\LEAN-PREV\prod-v1.0.0\Implementation\globals\nm\forms\INMOV-65518.customform
C:\Projetos\LEAN-PREV\prod-v1.0.0\Implementation\globals\nm\forms\INPARTN-16156.customform
C:\Projetos\LEAN-PREV\prod-v1.0.0\Implementation\globals\nm\forms\INREC-22040.customform
C:\Projetos\LEAN-PREV\prod-v1.0.0\Implementation\globals\nm\forms\INRECReverse-124.customform
C:\Projetos\LEAN-PREV\prod-v1.0.0\Implementation\globals\nm\forms\INRECReverseLine-22323.customform
C:\Projetos\LEAN-PREV\prod-v1.0.0\Implementation\globals\nm\forms\INRECSummary-44793.customform
C:\Projetos\LEAN-PREV\prod-v1.0.0\Implementation\globals\nm\forms\INRECTFR-59981.customform
C:\Projetos\LEAN-PREV\prod-v1.0.0\Implementation\globals\nm\forms\INRECTFRSearch-39104.customform
C:\Projetos\LEAN-PREV\prod-v1.0.0\Implementation\globals\nm\forms\INRMA-22430.customform
C:\Projetos\LEAN-PREV\prod-v1.0.0\Implementation\globals\nm\forms\INReceipt-8331.customform
C:\Projetos\LEAN-PREV\prod-v1.0.0\Implementation\globals\nm\forms\INReq-17280.customform
C:\Projetos\LEAN-PREV\prod-v1.0.0\Implementation\globals\nm\forms\INReqIssue-28868.customform
C:\Projetos\LEAN-PREV\prod-v1.0.0\Implementation\globals\nm\forms\INReqIssueAsReq-16263.customform
C:\Projetos\LEAN-PREV\prod-v1.0.0\Implementation\globals\nm\forms\INReqLine-54258.customform
C:\Projetos\LEAN-PREV\prod-v1.0.0\Implementation\globals\nm\forms\INReqSource-43472.customform
C:\Projetos\LEAN-PREV\prod-v1.0.0\Implementation\globals\nm\forms\INReturnToSupplier-53720.customform
C:\Projetos\LEAN-PREV\prod-v1.0.0\Implementation\globals\nm\forms\INStockValCCAdj-49410.customform
C:\Projetos\LEAN-PREV\prod-v1.0.0\Implementation\globals\nm\forms\INTFR-43832.customform
C:\Projetos\LEAN-PREV\prod-v1.0.0\Implementation\globals\nm\forms\INTFRRev-39669.customform
C:\Projetos\LEAN-PREV\prod-v1.0.0\Implementation\globals\nm\forms\INVORG-23099.customform
C:\Projetos\LEAN-PREV\prod-v1.0.0\Implementation\globals\nm\forms\INWEINVD-44771.customform
C:\Projetos\LEAN-PREV\prod-v1.0.0\Implementation\globals\nm\forms\INWEINVK-43683.customform
C:\Projetos\LEAN-PREV\prod-v1.0.0\Implementation\globals\nm\forms\INWEINVP-41443.customform
C:\Projetos\LEAN-PREV\prod-v1.0.0\Implementation\globals\nm\forms\MAPPA-5060.customform
C:\Projetos\LEAN-PREV\prod-v1.0.0\Implementation\globals\nm\forms\MEDAdmission-55302.customform
C:\Projetos\LEAN-PREV\prod-v1.0.0\Implementation\globals\nm\forms\MEDDispense-44371.customform
C:\Projetos\LEAN-PREV\prod-v1.0.0\Implementation\globals\nm\forms\MEDDispenseLine-25258.customform
C:\Projetos\LEAN-PREV\prod-v1.0.0\Implementation\globals\nm\forms\MEDPatient-50513.customform
C:\Projetos\LEAN-PREV\prod-v1.0.0\Implementation\globals\nm\forms\MEDPatientNovo-47169.customform
C:\Projetos\LEAN-PREV\prod-v1.0.0\Implementation\globals\nm\forms\MEDPrescription-59649.customform
C:\Projetos\LEAN-PREV\prod-v1.0.0\Implementation\globals\nm\forms\MEDPrescriptionDispense-1429.customform
C:\Projetos\LEAN-PREV\prod-v1.0.0\Implementation\globals\nm\forms\MEDPrescriptionHosp-25043.customform
C:\Projetos\LEAN-PREV\prod-v1.0.0\Implementation\globals\nm\forms\MEDPrescriptionHospLine-40259.customform
C:\Projetos\LEAN-PREV\prod-v1.0.0\Implementation\globals\nm\forms\MEDPrescriptionSol-40131.customform
C:\Projetos\LEAN-PREV\prod-v1.0.0\Implementation\globals\nm\forms\MEDProvider-13087.customform
C:\Projetos\LEAN-PREV\prod-v1.0.0\Implementation\globals\nm\forms\VARAgendaMedica-54445.customform
C:\Projetos\LEAN-PREV\prod-v1.0.0\Implementation\globals\nm\forms\VARAgendaProcedimento-38189.customform
C:\Projetos\LEAN-PREV\prod-v1.0.0\Implementation\globals\nm\forms\VARAlertaLocal-3321.customform
C:\Projetos\LEAN-PREV\prod-v1.0.0\Implementation\globals\nm\forms\VARAlphaAnalytics-51990.customform
C:\Projetos\LEAN-PREV\prod-v1.0.0\Implementation\globals\nm\forms\VARAta-32150.customform
C:\Projetos\LEAN-PREV\prod-v1.0.0\Implementation\globals\nm\forms\VARAtendimentoPrescricoes-19833.customform
C:\Projetos\LEAN-PREV\prod-v1.0.0\Implementation\globals\nm\forms\VARAutorizacaoProdutoTabelaMultiplus-19207.customform
C:\Projetos\LEAN-PREV\prod-v1.0.0\Implementation\globals\nm\forms\VARBRDiretorios-18665.customform
C:\Projetos\LEAN-PREV\prod-v1.0.0\Implementation\globals\nm\forms\VARBRModulo-50663.customform
C:\Projetos\LEAN-PREV\prod-v1.0.0\Implementation\globals\nm\forms\VARBRTipoArqUpload-29925.customform
C:\Projetos\LEAN-PREV\prod-v1.0.0\Implementation\globals\nm\forms\VARCadAdmissao-16695.customform
C:\Projetos\LEAN-PREV\prod-v1.0.0\Implementation\globals\nm\forms\VARCadAgendamento-60454.customform
C:\Projetos\LEAN-PREV\prod-v1.0.0\Implementation\globals\nm\forms\VARCadGrupoAgendamento-5273.customform
C:\Projetos\LEAN-PREV\prod-v1.0.0\Implementation\globals\nm\forms\VARCadHorarioFuncionamento-46554.customform
C:\Projetos\LEAN-PREV\prod-v1.0.0\Implementation\globals\nm\forms\VARCadOrcamento-36341.customform
C:\Projetos\LEAN-PREV\prod-v1.0.0\Implementation\globals\nm\forms\VARCadProcedimento-60529.customform
C:\Projetos\LEAN-PREV\prod-v1.0.0\Implementation\globals\nm\forms\VARCadProfissional-23447.customform
C:\Projetos\LEAN-PREV\prod-v1.0.0\Implementation\globals\nm\forms\VARCadastraPerfil-41585.customform
C:\Projetos\LEAN-PREV\prod-v1.0.0\Implementation\globals\nm\forms\VARCadastroSalas-4941.customform
C:\Projetos\LEAN-PREV\prod-v1.0.0\Implementation\globals\nm\forms\VARCargadeDados-38571.customform
C:\Projetos\LEAN-PREV\prod-v1.0.0\Implementation\globals\nm\forms\VARCentroCusto-58026.customform
C:\Projetos\LEAN-PREV\prod-v1.0.0\Implementation\globals\nm\forms\VARCompareQrCodes-15164.customform
C:\Projetos\LEAN-PREV\prod-v1.0.0\Implementation\globals\nm\forms\VARCompra-24387.customform
C:\Projetos\LEAN-PREV\prod-v1.0.0\Implementation\globals\nm\forms\VARCompraEntregaPrevisao-14933.customform
C:\Projetos\LEAN-PREV\prod-v1.0.0\Implementation\globals\nm\forms\VARConfigImpEtiqueta-10996.customform
C:\Projetos\LEAN-PREV\prod-v1.0.0\Implementation\globals\nm\forms\VARConfiguracaoAgendamento-22639.customform
C:\Projetos\LEAN-PREV\prod-v1.0.0\Implementation\globals\nm\forms\VARConsultaGerencialProduto-24627.customform
C:\Projetos\LEAN-PREV\prod-v1.0.0\Implementation\globals\nm\forms\VARContabilTransferencia-58696.customform
C:\Projetos\LEAN-PREV\prod-v1.0.0\Implementation\globals\nm\forms\VARContrato-55271.customform
C:\Projetos\LEAN-PREV\prod-v1.0.0\Implementation\globals\nm\forms\VARContratoAditivo-41005.customform
C:\Projetos\LEAN-PREV\prod-v1.0.0\Implementation\globals\nm\forms\VARContratoAlerta-58020.customform
C:\Projetos\LEAN-PREV\prod-v1.0.0\Implementation\globals\nm\forms\VARContratoExecutorCad-51926.customform
C:\Projetos\LEAN-PREV\prod-v1.0.0\Implementation\globals\nm\forms\VARContratoParametros-56013.customform
C:\Projetos\LEAN-PREV\prod-v1.0.0\Implementation\globals\nm\forms\VARContratoReport-9516.customform
C:\Projetos\LEAN-PREV\prod-v1.0.0\Implementation\globals\nm\forms\VARContratoSelecao-48888.customform
C:\Projetos\LEAN-PREV\prod-v1.0.0\Implementation\globals\nm\forms\VARContratoSelecao2-22334.customform
C:\Projetos\LEAN-PREV\prod-v1.0.0\Implementation\globals\nm\forms\VARContratoUsuario-32727.customform
C:\Projetos\LEAN-PREV\prod-v1.0.0\Implementation\globals\nm\forms\VARDashboardFracionamento-64468.customform
C:\Projetos\LEAN-PREV\prod-v1.0.0\Implementation\globals\nm\forms\VARDespesasMedicamento-22940.customform
C:\Projetos\LEAN-PREV\prod-v1.0.0\Implementation\globals\nm\forms\VAREmail-24695.customform
C:\Projetos\LEAN-PREV\prod-v1.0.0\Implementation\globals\nm\forms\VAREntradaNotaFiscal-58673.customform
C:\Projetos\LEAN-PREV\prod-v1.0.0\Implementation\globals\nm\forms\VAREnvInfo-25746.customform
C:\Projetos\LEAN-PREV\prod-v1.0.0\Implementation\globals\nm\forms\VAREstoqueConsEndereco-57245.customform
C:\Projetos\LEAN-PREV\prod-v1.0.0\Implementation\globals\nm\forms\VAREstoquePosicao-64106.customform
C:\Projetos\LEAN-PREV\prod-v1.0.0\Implementation\globals\nm\forms\VARExames-37163.customform
C:\Projetos\LEAN-PREV\prod-v1.0.0\Implementation\globals\nm\forms\VARExpiryAlert-13755.customform
C:\Projetos\LEAN-PREV\prod-v1.0.0\Implementation\globals\nm\forms\VARFornecedorOcorrencia-17353.customform
C:\Projetos\LEAN-PREV\prod-v1.0.0\Implementation\globals\nm\forms\VARFreqMedPresc-9941.customform
C:\Projetos\LEAN-PREV\prod-v1.0.0\Implementation\globals\nm\forms\VARFrequenciaDistribuicaoDoencas-43288.customform
C:\Projetos\LEAN-PREV\prod-v1.0.0\Implementation\globals\nm\forms\VARHistDispProd-15342.customform
C:\Projetos\LEAN-PREV\prod-v1.0.0\Implementation\globals\nm\forms\VARHistoricoCompra-50515.customform
C:\Projetos\LEAN-PREV\prod-v1.0.0\Implementation\globals\nm\forms\VARHistoricoConsumo-37941.customform
C:\Projetos\LEAN-PREV\prod-v1.0.0\Implementation\globals\nm\forms\VARHistoricoEstorno-43966.customform
C:\Projetos\LEAN-PREV\prod-v1.0.0\Implementation\globals\nm\forms\VARHistoricoRecebimento-62176.customform
C:\Projetos\LEAN-PREV\prod-v1.0.0\Implementation\globals\nm\forms\VARHonorario-7236.customform
C:\Projetos\LEAN-PREV\prod-v1.0.0\Implementation\globals\nm\forms\VARINADJ-42481.customform
C:\Projetos\LEAN-PREV\prod-v1.0.0\Implementation\globals\nm\forms\VARImportarArquivo-55208.customform
C:\Projetos\LEAN-PREV\prod-v1.0.0\Implementation\globals\nm\forms\VARListaTrabalhoFarmacotecnica-63194.customform
C:\Projetos\LEAN-PREV\prod-v1.0.0\Implementation\globals\nm\forms\VARLivroRegInventario-15088.customform
C:\Projetos\LEAN-PREV\prod-v1.0.0\Implementation\globals\nm\forms\VARManualExame-57245.customform
C:\Projetos\LEAN-PREV\prod-v1.0.0\Implementation\globals\nm\forms\VARMapaMovMensal-61370.customform
C:\Projetos\LEAN-PREV\prod-v1.0.0\Implementation\globals\nm\forms\VARMedicamentoRejeitado-4920.customform
C:\Projetos\LEAN-PREV\prod-v1.0.0\Implementation\globals\nm\forms\VARMedicamentosNaoPadronizados-54680.customform
C:\Projetos\LEAN-PREV\prod-v1.0.0\Implementation\globals\nm\forms\VARMensagem-36624.customform
C:\Projetos\LEAN-PREV\prod-v1.0.0\Implementation\globals\nm\forms\VARMensagemPainel-60337.customform
C:\Projetos\LEAN-PREV\prod-v1.0.0\Implementation\globals\nm\forms\VARNumMedPresc-26950.customform
C:\Projetos\LEAN-PREV\prod-v1.0.0\Implementation\globals\nm\forms\VAROrdemUnitarizacao-22958.customform
C:\Projetos\LEAN-PREV\prod-v1.0.0\Implementation\globals\nm\forms\VAROrdemUnitarizacaoEtapa-36248.customform
C:\Projetos\LEAN-PREV\prod-v1.0.0\Implementation\globals\nm\forms\VARPainelAbastecimento-4270.customform
C:\Projetos\LEAN-PREV\prod-v1.0.0\Implementation\globals\nm\forms\VARPainelGerencial-21569.customform
C:\Projetos\LEAN-PREV\prod-v1.0.0\Implementation\globals\nm\forms\VARParametroCliente-43944.customform
C:\Projetos\LEAN-PREV\prod-v1.0.0\Implementation\globals\nm\forms\VARPedidoCompra-16709.customform
C:\Projetos\LEAN-PREV\prod-v1.0.0\Implementation\globals\nm\forms\VARPedidoCompraLinha-21594.customform
C:\Projetos\LEAN-PREV\prod-v1.0.0\Implementation\globals\nm\forms\VARPerfilPaciente-57582.customform
C:\Projetos\LEAN-PREV\prod-v1.0.0\Implementation\globals\nm\forms\VARPreAlertaLocal-24563.customform
C:\Projetos\LEAN-PREV\prod-v1.0.0\Implementation\globals\nm\forms\VARPreAlertaRede-10909.customform
C:\Projetos\LEAN-PREV\prod-v1.0.0\Implementation\globals\nm\forms\VARPreReqAprovacao-62505.customform
C:\Projetos\LEAN-PREV\prod-v1.0.0\Implementation\globals\nm\forms\VARPrescricaoValidada-24548.customform
C:\Projetos\LEAN-PREV\prod-v1.0.0\Implementation\globals\nm\forms\VARProcessoJudicial-22404.customform
C:\Projetos\LEAN-PREV\prod-v1.0.0\Implementation\globals\nm\forms\VARProducaoFracionamento-37795.customform
C:\Projetos\LEAN-PREV\prod-v1.0.0\Implementation\globals\nm\forms\VARProdutoEtq-5491.customform
C:\Projetos\LEAN-PREV\prod-v1.0.0\Implementation\globals\nm\forms\VARProdutosPendenteCadastro-49781.customform
C:\Projetos\LEAN-PREV\prod-v1.0.0\Implementation\globals\nm\forms\VARProntuarioEletronico-56904.customform
C:\Projetos\LEAN-PREV\prod-v1.0.0\Implementation\globals\nm\forms\VARProntuarioEletronicoEnfermagem-48372.customform
C:\Projetos\LEAN-PREV\prod-v1.0.0\Implementation\globals\nm\forms\VARRecebimentoHistorico-20768.customform
C:\Projetos\LEAN-PREV\prod-v1.0.0\Implementation\globals\nm\forms\VARRelDistribuicao-45808.customform
C:\Projetos\LEAN-PREV\prod-v1.0.0\Implementation\globals\nm\forms\VARRelatorioAntimicrobianoSCIH-884.customform
C:\Projetos\LEAN-PREV\prod-v1.0.0\Implementation\globals\nm\forms\VARReposicao-26593.customform
C:\Projetos\LEAN-PREV\prod-v1.0.0\Implementation\globals\nm\forms\VARReposicaoLocal-7030.customform
C:\Projetos\LEAN-PREV\prod-v1.0.0\Implementation\globals\nm\forms\VARReposicaoLocalProduto-13555.customform
C:\Projetos\LEAN-PREV\prod-v1.0.0\Implementation\globals\nm\forms\VARReposicaoProduto-286.customform
C:\Projetos\LEAN-PREV\prod-v1.0.0\Implementation\globals\nm\forms\VARSESAlerta-41139.customform
C:\Projetos\LEAN-PREV\prod-v1.0.0\Implementation\globals\nm\forms\VARSESCONSUMOPACIENTE-19841.customform
C:\Projetos\LEAN-PREV\prod-v1.0.0\Implementation\globals\nm\forms\VARSESEntrada-59530.customform
C:\Projetos\LEAN-PREV\prod-v1.0.0\Implementation\globals\nm\forms\VARSESEstornoDispensacaoMC-22577.customform
C:\Projetos\LEAN-PREV\prod-v1.0.0\Implementation\globals\nm\forms\VARSESPatientConsumption-29287.customform
C:\Projetos\LEAN-PREV\prod-v1.0.0\Implementation\globals\nm\forms\VARSESPatientConsumptionMC-46302.customform
C:\Projetos\LEAN-PREV\prod-v1.0.0\Implementation\globals\nm\forms\VARSESSolicTransf-54819.customform
C:\Projetos\LEAN-PREV\prod-v1.0.0\Implementation\globals\nm\forms\VARSESTreatmentMC-14375.customform
C:\Projetos\LEAN-PREV\prod-v1.0.0\Implementation\globals\nm\forms\VARSaidaRequisicao-64535.customform
C:\Projetos\LEAN-PREV\prod-v1.0.0\Implementation\globals\nm\forms\VARStock-24095.customform
C:\Projetos\LEAN-PREV\prod-v1.0.0\Implementation\globals\nm\forms\VARStockHistory-59113.customform
C:\Projetos\LEAN-PREV\prod-v1.0.0\Implementation\globals\nm\forms\VARTCIAndar-9241.customform
C:\Projetos\LEAN-PREV\prod-v1.0.0\Implementation\globals\nm\forms\VARTCIApartamento-41655.customform
C:\Projetos\LEAN-PREV\prod-v1.0.0\Implementation\globals\nm\forms\VARTCILicenseUsageLog-27468.customform
C:\Projetos\LEAN-PREV\prod-v1.0.0\Implementation\globals\nm\forms\VARTCIModulo-20177.customform
C:\Projetos\LEAN-PREV\prod-v1.0.0\Implementation\globals\nm\forms\VARTCIPredio-26732.customform
C:\Projetos\LEAN-PREV\prod-v1.0.0\Implementation\globals\nm\forms\VARTCIRua-29817.customform
C:\Projetos\LEAN-PREV\prod-v1.0.0\Implementation\globals\nm\forms\VARTCISystemInformation-18887.customform
C:\Projetos\LEAN-PREV\prod-v1.0.0\Implementation\globals\nm\forms\VARTRKPAM-4658.customform
C:\Projetos\LEAN-PREV\prod-v1.0.0\Implementation\globals\nm\forms\VARTelaInicial-53189.customform
C:\Projetos\LEAN-PREV\prod-v1.0.0\Implementation\globals\nm\forms\VARVincularMedico-16177.customform
C:\Projetos\LEAN-PREV\prod-v1.0.0\Implementation\globals\nm\forms\VARWWWPRO-16501.customform
C:\Projetos\LEAN-PREV\prod-v1.0.0\Implementation\globals\nm\forms\VARWorkflowAtendimento-3786.customform
C:\Projetos\LEAN-PREV\prod-v1.0.0\Implementation\globals\nm\forms\VARWorkflowAtendimentoImagens-32100.customform
C:\Projetos\LEAN-PREV\prod-v1.0.0\Implementation\globals\nm\forms\WWW0042-62662.customform
C:\Projetos\LEAN-PREV\prod-v1.0.0\Implementation\globals\nm\forms\WWW012-5628.customform
C:\Projetos\LEAN-PREV\prod-v1.0.0\Implementation\globals\nm\forms\WWW0121C-44756.customform
C:\Projetos\LEAN-PREV\prod-v1.0.0\Implementation\globals\nm\forms\WWW013-54589.customform
C:\Projetos\LEAN-PREV\prod-v1.0.0\Implementation\globals\nm\forms\WWW0131B-44612.customform
C:\Projetos\LEAN-PREV\prod-v1.0.0\Implementation\globals\nm\forms\WWWPWD-19798.customform
C:\Projetos\LEAN-PREV\prod-v1.0.0\Implementation\globals\nm\userParameters\WORKFLOWTIPOS-7513.customparameters